2020-04-04 18:35:51-log: ui-kit@1.0.0 enable
2020-04-04 18:35:51-log: ipc@1.0.0 enable
2020-04-04 18:35:51-log: tester@1.0.0 enable
2020-04-04 18:35:51-log: preferences@1.0.0 enable
2020-04-04 18:35:53-log: engine@1.0.0 enable
2020-04-04 18:35:53-log: asset-db@1.0.0 enable
2020-04-04 18:35:53-log: console@1.0.0 enable
2020-04-04 18:35:53-log: scene@1.0.0 enable
2020-04-04 18:35:53-log: packager@1.0.0 enable
2020-04-04 18:35:53-log: project-setting@1.0.0 enable
2020-04-04 18:35:53-log: about@1.0.0 enable
2020-04-04 18:35:53-log: server@1.0.0 enable
2020-04-04 18:35:53-log: utils@1.0.0 enable
2020-04-04 18:35:53-log: profile@1.0.0 enable
2020-04-04 18:35:53-log: assets@1.0.0 enable
2020-04-04 18:35:53-log: inspector@1.0.0 enable
2020-04-04 18:35:53-log: hierarchy@1.0.0 enable
2020-04-04 18:35:53-log: preview@1.0.0 enable
2020-04-04 18:35:53-log: animator@1.0.0 enable
2020-04-04 18:35:54-log: builder@1.0.0 enable
2020-04-04 18:35:54-log: alipay-mini-game@1.0.0 enable
2020-04-04 18:35:54-log: android@1.0.0 enable
2020-04-04 18:35:54-log: baidu-mini-game@1.0.0 enable
2020-04-04 18:35:54-log: cocos-play@1.0.0 enable
2020-04-04 18:35:54-log: huawei-mini-game@1.0.0 enable
2020-04-04 18:35:54-log: ios@1.0.0 enable
2020-04-04 18:35:54-log: mac@1.0.0 enable
2020-04-04 18:35:54-log: native@1.0.0 enable
2020-04-04 18:35:54-log: oppo-mini-game@1.0.0 enable
2020-04-04 18:35:54-log: vivo-mini-game@1.0.0 enable
2020-04-04 18:35:55-log: web-desktop@1.0.0 enable
2020-04-04 18:35:55-log: web-mobile@1.0.0 enable
2020-04-04 18:35:55-log: wechatgame@1.0.0 enable
2020-04-04 18:35:55-log: windows@1.0.0 enable
2020-04-04 18:35:55-log: xiaomi-quick-game@1.0.0 enable
2020-04-04 18:36:02-warn: [Scene] Sender does not exist
